Untitled
- Delay -
active: false
- Duration - 
lowMin: 100.0
lowMax: 100.0
- Count - 
min: 1
max: 16
- Emission - 
lowMin: 0.0
lowMax: 0.0
highMin: 140.0
highMax: 140.0
relative: false
scalingCount: 1
scaling0: 1.0
timelineCount: 1
timeline0: 0.0
- Life - 
lowMin: 0.0
lowMax: 0.0
highMin: 600.0
highMax: 1100.0
relative: false
scalingCount: 1
scaling0: 1.0
timelineCount: 1
timeline0: 0.0
- Life Offset - 
active: false
- X Offset - 
active: false
- Y Offset - 
active: false
- Spawn Shape - 
shape: point
- Spawn Width - 
lowMin: 0.0
lowMax: 0.0
highMin: 0.0
highMax: 0.0
relative: false
scalingCount: 1
scaling0: 1.0
timelineCount: 1
timeline0: 0.0
- Spawn Height - 
lowMin: 0.0
lowMax: 0.0
highMin: 0.0
highMax: 0.0
relative: false
scalingCount: 1
scaling0: 1.0
timelineCount: 1
timeline0: 0.0
- Scale - 
lowMin: 0.0
lowMax: 0.0
highMin: 19.0
highMax: 32.0
relative: false
scalingCount: 5
scaling0: 0.0
scaling1: 1.0
scaling2: 0.7647059
scaling3: 0.39215687
scaling4: 0.0
timelineCount: 5
timeline0: 0.0
timeline1: 0.14383562
timeline2: 0.5479452
timeline3: 0.8287671
timeline4: 1.0
- Velocity - 
active: true
lowMin: 110.0
lowMax: 110.0
highMin: 220.0
highMax: 350.0
relative: false
scalingCount: 2
scaling0: 1.0
scaling1: 0.0
timelineCount: 2
timeline0: 0.0
timeline1: 1.0
- Angle - 
active: true
lowMin: 90.0
lowMax: 90.0
highMin: 0.0
highMax: 360.0
relative: false
scalingCount: 1
scaling0: 1.0
timelineCount: 1
timeline0: 0.0
- Rotation - 
active: true
lowMin: 0.0
lowMax: 0.0
highMin: -60.0
highMax: 60.0
relative: true
scalingCount: 2
scaling0: 1.0
scaling1: 0.0
timelineCount: 2
timeline0: 0.0
timeline1: 1.0
- Wind - 
active: false
- Gravity - 
active: false
- Tint - 
colorsCount: 3
colors0: 1.0
colors1: 1.0
colors2: 1.0
timelineCount: 1
timeline0: 0.0
- Transparency - 
lowMin: 0.0
lowMax: 0.0
highMin: 1.0
highMax: 1.0
relative: false
scalingCount: 1
scaling0: 0.5263158
timelineCount: 1
timeline0: 0.0
- Options - 
attached: false
continuous: false
aligned: false
additive: true
behind: false
premultipliedAlpha: false
- Image Path -
/C:/Projects/TDI2/asset sources/combined/particle-triangle.png
