Untitled
- Delay -
active: false
- Duration - 
lowMin: 1000.0
lowMax: 1000.0
- Count - 
min: 0
max: 22
- Emission - 
lowMin: 0.0
lowMax: 0.0
highMin: 12.0
highMax: 12.0
relative: false
scalingCount: 1
scaling0: 1.0
timelineCount: 1
timeline0: 0.0
- Life - 
lowMin: 0.0
lowMax: 0.0
highMin: 500.0
highMax: 500.0
relative: false
scalingCount: 1
scaling0: 1.0
timelineCount: 1
timeline0: 0.0
- Life Offset - 
active: false
- X Offset - 
active: false
- Y Offset - 
active: false
- Spawn Shape - 
shape: point
- Spawn Width - 
lowMin: 0.0
lowMax: 0.0
highMin: 0.0
highMax: 0.0
relative: false
scalingCount: 1
scaling0: 1.0
timelineCount: 1
timeline0: 0.0
- Spawn Height - 
lowMin: 0.0
lowMax: 0.0
highMin: 0.0
highMax: 0.0
relative: false
scalingCount: 1
scaling0: 1.0
timelineCount: 1
timeline0: 0.0
- Scale - 
lowMin: 4.0
lowMax: 4.0
highMin: 48.0
highMax: 48.0
relative: false
scalingCount: 3
scaling0: 0.0
scaling1: 0.29411766
scaling2: 1.0
timelineCount: 3
timeline0: 0.0
timeline1: 0.14383562
timeline2: 1.0
- Velocity - 
active: true
lowMin: 60.0
lowMax: 60.0
highMin: 150.0
highMax: 200.0
relative: false
scalingCount: 2
scaling0: 1.0
scaling1: 0.0
timelineCount: 2
timeline0: 0.0
timeline1: 1.0
- Angle - 
active: true
lowMin: 0.0
lowMax: 0.0
highMin: -10.0
highMax: 10.0
relative: false
scalingCount: 1
scaling0: 1.0
timelineCount: 1
timeline0: 0.0
- Rotation - 
active: true
lowMin: -180.0
lowMax: 180.0
highMin: 0.0
highMax: 0.0
relative: false
scalingCount: 2
scaling0: 1.0
scaling1: 0.0
timelineCount: 2
timeline0: 0.0
timeline1: 1.0
- Wind - 
active: false
- Gravity - 
active: false
- Tint - 
colorsCount: 3
colors0: 1.0
colors1: 0.49803922
colors2: 0.16862746
timelineCount: 1
timeline0: 0.0
- Transparency - 
lowMin: 0.0
lowMax: 0.0
highMin: 1.0
highMax: 1.0
relative: false
scalingCount: 4
scaling0: 0.0
scaling1: 0.80701756
scaling2: 0.71929824
scaling3: 0.0
timelineCount: 4
timeline0: 0.0
timeline1: 0.14383562
timeline2: 0.5
timeline3: 1.0
- Options - 
attached: false
continuous: true
aligned: false
additive: true
behind: false
premultipliedAlpha: false
- Image Path -
/C:/Projects/TDI2/asset sources/skin/particle-flame.png


Untitled
- Delay -
active: false
- Duration - 
lowMin: 1000.0
lowMax: 1000.0
- Count - 
min: 0
max: 6
- Emission - 
lowMin: 0.0
lowMax: 0.0
highMin: 8.0
highMax: 8.0
relative: false
scalingCount: 1
scaling0: 1.0
timelineCount: 1
timeline0: 0.0
- Life - 
lowMin: 0.0
lowMax: 0.0
highMin: 300.0
highMax: 300.0
relative: false
scalingCount: 1
scaling0: 1.0
timelineCount: 1
timeline0: 0.0
- Life Offset - 
active: false
- X Offset - 
active: false
- Y Offset - 
active: false
- Spawn Shape - 
shape: point
- Spawn Width - 
lowMin: 0.0
lowMax: 0.0
highMin: 0.0
highMax: 0.0
relative: false
scalingCount: 1
scaling0: 1.0
timelineCount: 1
timeline0: 0.0
- Spawn Height - 
lowMin: 0.0
lowMax: 0.0
highMin: 0.0
highMax: 0.0
relative: false
scalingCount: 1
scaling0: 1.0
timelineCount: 1
timeline0: 0.0
- Scale - 
lowMin: 6.0
lowMax: 6.0
highMin: 20.0
highMax: 20.0
relative: false
scalingCount: 2
scaling0: 0.0
scaling1: 1.0
timelineCount: 2
timeline0: 0.0
timeline1: 1.0
- Velocity - 
active: true
lowMin: 0.0
lowMax: 0.0
highMin: 150.0
highMax: 200.0
relative: false
scalingCount: 1
scaling0: 1.0
timelineCount: 1
timeline0: 0.0
- Angle - 
active: true
lowMin: 0.0
lowMax: 0.0
highMin: -10.0
highMax: 10.0
relative: false
scalingCount: 1
scaling0: 1.0
timelineCount: 1
timeline0: 0.0
- Rotation - 
active: false
- Wind - 
active: false
- Gravity - 
active: false
- Tint - 
colorsCount: 3
colors0: 0.047058824
colors1: 0.7411765
colors2: 1.0
timelineCount: 1
timeline0: 0.0
- Transparency - 
lowMin: 0.0
lowMax: 0.0
highMin: 1.0
highMax: 1.0
relative: false
scalingCount: 4
scaling0: 0.0
scaling1: 0.7368421
scaling2: 0.877193
scaling3: 0.0
timelineCount: 4
timeline0: 0.0
timeline1: 0.001
timeline2: 0.53424656
timeline3: 1.0
- Options - 
attached: false
continuous: true
aligned: false
additive: true
behind: false
premultipliedAlpha: false
- Image Path -
/C:/Projects/TDI2/asset sources/skin/particle-flame.png
