Untitled
- Delay -
active: false
- Duration - 
lowMin: 50.0
lowMax: 50.0
- Count - 
min: 0
max: 30
- Emission - 
lowMin: 0.0
lowMax: 0.0
highMin: 100.0
highMax: 100.0
relative: false
scalingCount: 1
scaling0: 1.0
timelineCount: 1
timeline0: 0.0
- Life - 
lowMin: 0.0
lowMax: 0.0
highMin: 2000.0
highMax: 2000.0
relative: false
scalingCount: 1
scaling0: 1.0
timelineCount: 1
timeline0: 0.0
- Life Offset - 
active: false
- X Offset - 
active: false
- Y Offset - 
active: false
- Spawn Shape - 
shape: ellipse
edges: true
side: both
- Spawn Width - 
lowMin: 0.0
lowMax: 0.0
highMin: 40.0
highMax: 40.0
relative: false
scalingCount: 1
scaling0: 1.0
timelineCount: 1
timeline0: 0.0
- Spawn Height - 
lowMin: 0.0
lowMax: 0.0
highMin: 40.0
highMax: 40.0
relative: false
scalingCount: 1
scaling0: 1.0
timelineCount: 1
timeline0: 0.0
- Scale - 
lowMin: 12.0
lowMax: 12.0
highMin: 24.0
highMax: 24.0
relative: false
scalingCount: 3
scaling0: 0.0
scaling1: 0.54901963
scaling2: 1.0
timelineCount: 3
timeline0: 0.0
timeline1: 0.10958904
timeline2: 1.0
- Velocity - 
active: true
lowMin: 0.0
lowMax: 0.0
highMin: 14.0
highMax: 20.0
relative: false
scalingCount: 2
scaling0: 1.0
scaling1: 0.4117647
timelineCount: 2
timeline0: 0.0
timeline1: 1.0
- Angle - 
active: true
lowMin: 0.0
lowMax: 0.0
highMin: 0.0
highMax: 360.0
relative: false
scalingCount: 1
scaling0: 1.0
timelineCount: 1
timeline0: 0.0
- Rotation - 
active: false
- Wind - 
active: false
- Gravity - 
active: false
- Tint - 
colorsCount: 3
colors0: 0.8862745
colors1: 0.8862745
colors2: 0.8862745
timelineCount: 1
timeline0: 0.0
- Transparency - 
lowMin: 0.0
lowMax: 0.0
highMin: 1.0
highMax: 1.0
relative: false
scalingCount: 5
scaling0: 0.0
scaling1: 0.0
scaling2: 0.6315789
scaling3: 0.40350878
scaling4: 0.0
timelineCount: 5
timeline0: 0.0
timeline1: 0.11643836
timeline2: 0.23287672
timeline3: 0.39041096
timeline4: 1.0
- Options - 
attached: false
continuous: false
aligned: false
additive: true
behind: false
premultipliedAlpha: false
- Image Path -
/D:/TDI2/asset sources/skin/particle-plus.png
