Untitled
- Delay -
active: false
- Duration - 
lowMin: 50.0
lowMax: 50.0
- Count - 
min: 8
max: 24
- Emission - 
lowMin: 0.0
lowMax: 0.0
highMin: 150.0
highMax: 150.0
relative: false
scalingCount: 1
scaling0: 1.0
timelineCount: 1
timeline0: 0.0
- Life - 
lowMin: 0.0
lowMax: 0.0
highMin: 1000.0
highMax: 2000.0
relative: false
scalingCount: 1
scaling0: 1.0
timelineCount: 1
timeline0: 0.0
- Life Offset - 
active: false
- X Offset - 
active: false
- Y Offset - 
active: false
- Spawn Shape - 
shape: square
- Spawn Width - 
lowMin: 0.0
lowMax: 0.0
highMin: 128.0
highMax: 128.0
relative: false
scalingCount: 1
scaling0: 1.0
timelineCount: 1
timeline0: 0.0
- Spawn Height - 
lowMin: 0.0
lowMax: 0.0
highMin: 140.0
highMax: 140.0
relative: false
scalingCount: 1
scaling0: 1.0
timelineCount: 1
timeline0: 0.0
- Scale - 
lowMin: 0.0
lowMax: 0.0
highMin: 48.0
highMax: 48.0
relative: false
scalingCount: 5
scaling0: 0.0
scaling1: 1.0
scaling2: 0.60784316
scaling3: 0.23529412
scaling4: 0.0
timelineCount: 5
timeline0: 0.0
timeline1: 0.09589041
timeline2: 0.21232876
timeline3: 0.48630136
timeline4: 1.0
- Velocity - 
active: true
lowMin: 0.0
lowMax: 0.0
highMin: 120.0
highMax: 500.0
relative: false
scalingCount: 5
scaling0: 1.0
scaling1: 0.40449437
scaling2: 0.08988764
scaling3: 0.0
scaling4: 0.0
timelineCount: 5
timeline0: 0.0
timeline1: 0.19354838
timeline2: 0.39848197
timeline3: 0.59203035
timeline4: 1.0
- Angle - 
active: true
lowMin: 90.0
lowMax: 90.0
highMin: 0.0
highMax: 360.0
relative: false
scalingCount: 1
scaling0: 1.0
timelineCount: 1
timeline0: 0.0
- Rotation - 
active: true
lowMin: 180.0
lowMax: 180.0
highMin: 0.0
highMax: 360.0
relative: false
scalingCount: 2
scaling0: 1.0
scaling1: 0.0
timelineCount: 2
timeline0: 0.0
timeline1: 1.0
- Wind - 
active: false
- Gravity - 
active: true
lowMin: 0.0
lowMax: 0.0
highMin: -120.0
highMax: -240.0
relative: false
scalingCount: 2
scaling0: 0.0
scaling1: 0.627451
timelineCount: 2
timeline0: 0.0
timeline1: 1.0
- Tint - 
colorsCount: 3
colors0: 0.54901963
colors1: 0.7647059
colors2: 0.2901961
timelineCount: 1
timeline0: 0.0
- Transparency - 
lowMin: 0.0
lowMax: 0.0
highMin: 1.0
highMax: 1.0
relative: false
scalingCount: 2
scaling0: 1.0
scaling1: 0.0
timelineCount: 2
timeline0: 0.0
timeline1: 1.0
- Options - 
attached: true
continuous: false
aligned: false
additive: true
behind: false
premultipliedAlpha: false
- Image Path -
/C:/Projects/TDI2/asset sources/skin/icon-star.png


Untitled
- Delay -
active: false
- Duration - 
lowMin: 1000.0
lowMax: 1000.0
- Count - 
min: 1
max: 1
- Emission - 
lowMin: 0.0
lowMax: 0.0
highMin: 50.0
highMax: 50.0
relative: false
scalingCount: 1
scaling0: 1.0
timelineCount: 1
timeline0: 0.0
- Life - 
lowMin: 0.0
lowMax: 0.0
highMin: 2200.0
highMax: 2200.0
relative: false
scalingCount: 1
scaling0: 1.0
timelineCount: 1
timeline0: 0.0
- Life Offset - 
active: false
- X Offset - 
active: false
- Y Offset - 
active: false
- Spawn Shape - 
shape: point
- Spawn Width - 
lowMin: 0.0
lowMax: 0.0
highMin: 0.0
highMax: 0.0
relative: false
scalingCount: 1
scaling0: 1.0
timelineCount: 1
timeline0: 0.0
- Spawn Height - 
lowMin: 0.0
lowMax: 0.0
highMin: 0.0
highMax: 0.0
relative: false
scalingCount: 1
scaling0: 1.0
timelineCount: 1
timeline0: 0.0
- Scale - 
lowMin: 0.0
lowMax: 0.0
highMin: 128.0
highMax: 128.0
relative: false
scalingCount: 1
scaling0: 1.0
timelineCount: 1
timeline0: 0.0
- Velocity - 
active: false
- Angle - 
active: false
- Rotation - 
active: false
- Wind - 
active: false
- Gravity - 
active: false
- Tint - 
colorsCount: 3
colors0: 0.54901963
colors1: 0.7647059
colors2: 0.2901961
timelineCount: 1
timeline0: 0.0
- Transparency - 
lowMin: 0.0
lowMax: 0.0
highMin: 1.0
highMax: 1.0
relative: false
scalingCount: 3
scaling0: 1.0
scaling1: 0.0
scaling2: 0.0
timelineCount: 3
timeline0: 0.0
timeline1: 0.6917808
timeline2: 1.0
- Options - 
attached: false
continuous: false
aligned: false
additive: true
behind: false
premultipliedAlpha: false
- Image Path -
/C:/Projects/TDI2/asset sources/skin/global-upgrades-icon-background.png
