Untitled
- Delay -
active: false
- Duration - 
lowMin: 16.0
lowMax: 16.0
- Count - 
min: 3
max: 10
- Emission - 
lowMin: 0.0
lowMax: 0.0
highMin: 14.0
highMax: 14.0
relative: false
scalingCount: 1
scaling0: 1.0
timelineCount: 1
timeline0: 0.0
- Life - 
lowMin: 500.0
lowMax: 500.0
highMin: 1000.0
highMax: 1500.0
relative: false
scalingCount: 1
scaling0: 1.0
timelineCount: 1
timeline0: 0.0
- Life Offset - 
active: false
- X Offset - 
active: true
lowMin: 0.0
lowMax: 0.0
highMin: 0.0
highMax: 0.0
relative: false
scalingCount: 1
scaling0: 1.0
timelineCount: 1
timeline0: 0.0
- Y Offset - 
active: true
lowMin: -32.0
lowMax: -32.0
highMin: 0.0
highMax: 0.0
relative: false
scalingCount: 1
scaling0: 1.0
timelineCount: 1
timeline0: 0.0
- Spawn Shape - 
shape: square
- Spawn Width - 
lowMin: 0.0
lowMax: 0.0
highMin: 96.0
highMax: 96.0
relative: false
scalingCount: 1
scaling0: 1.0
timelineCount: 1
timeline0: 0.0
- Spawn Height - 
lowMin: 0.0
lowMax: 0.0
highMin: 64.0
highMax: 64.0
relative: false
scalingCount: 1
scaling0: 1.0
timelineCount: 1
timeline0: 0.0
- Scale - 
lowMin: 8.0
lowMax: 8.0
highMin: 32.0
highMax: 32.0
relative: false
scalingCount: 4
scaling0: 0.0
scaling1: 0.7058824
scaling2: 1.0
scaling3: 1.0
timelineCount: 4
timeline0: 0.0
timeline1: 0.047945205
timeline2: 0.1780822
timeline3: 1.0
- Velocity - 
active: true
lowMin: 60.0
lowMax: 60.0
highMin: 75.0
highMax: 150.0
relative: false
scalingCount: 1
scaling0: 1.0
timelineCount: 1
timeline0: 0.0
- Angle - 
active: true
lowMin: 90.0
lowMax: 90.0
highMin: 90.0
highMax: 90.0
relative: false
scalingCount: 1
scaling0: 1.0
timelineCount: 1
timeline0: 0.0
- Rotation - 
active: false
- Wind - 
active: false
- Gravity - 
active: false
- Tint - 
colorsCount: 3
colors0: 1.0
colors1: 1.0
colors2: 1.0
timelineCount: 1
timeline0: 0.0
- Transparency - 
lowMin: 0.0
lowMax: 0.0
highMin: 1.0
highMax: 1.0
relative: false
scalingCount: 3
scaling0: 0.0
scaling1: 1.0
scaling2: 0.0
timelineCount: 3
timeline0: 0.0
timeline1: 0.19178082
timeline2: 1.0
- Options - 
attached: false
continuous: false
aligned: false
additive: true
behind: false
premultipliedAlpha: false
- Image Path -
/C:/Projects/TDI2/asset sources/combined/icon-upgrade.png
