Dust
- Delay -
active: false
- Duration - 
lowMin: 300.0
lowMax: 300.0
- Count - 
min: 1
max: 1
- Emission - 
lowMin: 1.0
lowMax: 1.0
highMin: 5.0
highMax: 5.0
relative: false
scalingCount: 1
scaling0: 1.0
timelineCount: 1
timeline0: 0.0
- Life - 
lowMin: 5500.0
lowMax: 5500.0
highMin: 2000.0
highMax: 2000.0
relative: false
scalingCount: 1
scaling0: 1.0
timelineCount: 1
timeline0: 0.0
- Life Offset - 
active: false
- X Offset - 
active: false
- Y Offset - 
active: false
- Spawn Shape - 
shape: point
- Spawn Width - 
lowMin: 0.0
lowMax: 0.0
highMin: 0.0
highMax: 0.0
relative: false
scalingCount: 1
scaling0: 1.0
timelineCount: 1
timeline0: 0.0
- Spawn Height - 
lowMin: 0.0
lowMax: 0.0
highMin: 0.0
highMax: 0.0
relative: false
scalingCount: 1
scaling0: 1.0
timelineCount: 1
timeline0: 0.0
- Scale - 
lowMin: 0.0
lowMax: 0.0
highMin: 1000.0
highMax: 1000.0
relative: false
scalingCount: 2
scaling0: 0.0
scaling1: 1.0
timelineCount: 2
timeline0: 0.0
timeline1: 1.0
- Velocity - 
active: false
- Angle - 
active: false
- Rotation - 
active: true
lowMin: 45.0
lowMax: 45.0
highMin: 0.0
highMax: 90.0
relative: false
scalingCount: 2
scaling0: 1.0
scaling1: 0.0
timelineCount: 2
timeline0: 0.0
timeline1: 1.0
- Wind - 
active: false
- Gravity - 
active: false
- Tint - 
colorsCount: 3
colors0: 0.0
colors1: 0.0
colors2: 0.0
timelineCount: 1
timeline0: 0.0
- Transparency - 
lowMin: 0.0
lowMax: 0.0
highMin: 1.0
highMax: 1.0
relative: false
scalingCount: 3
scaling0: 1.0
scaling1: 1.0
scaling2: 0.0
timelineCount: 3
timeline0: 0.0
timeline1: 0.5890411
timeline2: 1.0
- Options - 
attached: false
continuous: false
aligned: false
additive: false
behind: false
premultipliedAlpha: false
- Image Path -
/C:/Projects/TDI2/asset sources/skin/particle-smoke.png


Shockwave
- Delay -
active: false
- Duration - 
lowMin: 300.0
lowMax: 300.0
- Count - 
min: 0
max: 2
- Emission - 
lowMin: 1.0
lowMax: 1.0
highMin: 3.0
highMax: 3.0
relative: false
scalingCount: 1
scaling0: 1.0
timelineCount: 1
timeline0: 0.0
- Life - 
lowMin: 1600.0
lowMax: 1600.0
highMin: 800.0
highMax: 800.0
relative: false
scalingCount: 2
scaling0: 1.0
scaling1: 0.0
timelineCount: 2
timeline0: 0.0
timeline1: 1.0
- Life Offset - 
active: false
- X Offset - 
active: false
- Y Offset - 
active: false
- Spawn Shape - 
shape: point
- Spawn Width - 
lowMin: 0.0
lowMax: 0.0
highMin: 0.0
highMax: 0.0
relative: false
scalingCount: 1
scaling0: 1.0
timelineCount: 1
timeline0: 0.0
- Spawn Height - 
lowMin: 0.0
lowMax: 0.0
highMin: 0.0
highMax: 0.0
relative: false
scalingCount: 1
scaling0: 1.0
timelineCount: 1
timeline0: 0.0
- Scale - 
lowMin: 0.0
lowMax: 0.0
highMin: 550.0
highMax: 550.0
relative: false
scalingCount: 4
scaling0: 0.0
scaling1: 0.39215687
scaling2: 0.78431374
scaling3: 1.0
timelineCount: 4
timeline0: 0.0
timeline1: 0.21917808
timeline2: 0.5753425
timeline3: 1.0
- Velocity - 
active: false
- Angle - 
active: false
- Rotation - 
active: true
lowMin: 45.0
lowMax: 45.0
highMin: 0.0
highMax: 90.0
relative: false
scalingCount: 2
scaling0: 1.0
scaling1: 0.0
timelineCount: 2
timeline0: 0.0
timeline1: 1.0
- Wind - 
active: false
- Gravity - 
active: false
- Tint - 
colorsCount: 3
colors0: 1.0
colors1: 0.5294118
colors2: 0.0
timelineCount: 1
timeline0: 0.0
- Transparency - 
lowMin: 0.0
lowMax: 0.0
highMin: 1.0
highMax: 1.0
relative: false
scalingCount: 2
scaling0: 0.50877196
scaling1: 0.0
timelineCount: 2
timeline0: 0.0
timeline1: 1.0
- Options - 
attached: false
continuous: false
aligned: false
additive: true
behind: false
premultipliedAlpha: false
- Image Path -
/C:/Projects/TDI2/asset sources/skin/particle-shockwave.png


Untitled
- Delay -
active: false
- Duration - 
lowMin: 300.0
lowMax: 300.0
- Count - 
min: 12
max: 64
- Emission - 
lowMin: 0.0
lowMax: 0.0
highMin: 20.0
highMax: 20.0
relative: false
scalingCount: 1
scaling0: 1.0
timelineCount: 1
timeline0: 0.0
- Life - 
lowMin: 0.0
lowMax: 0.0
highMin: 500.0
highMax: 1200.0
relative: false
scalingCount: 1
scaling0: 1.0
timelineCount: 1
timeline0: 0.0
- Life Offset - 
active: false
- X Offset - 
active: false
- Y Offset - 
active: false
- Spawn Shape - 
shape: point
- Spawn Width - 
lowMin: 0.0
lowMax: 0.0
highMin: 0.0
highMax: 0.0
relative: false
scalingCount: 1
scaling0: 1.0
timelineCount: 1
timeline0: 0.0
- Spawn Height - 
lowMin: 0.0
lowMax: 0.0
highMin: 0.0
highMax: 0.0
relative: false
scalingCount: 1
scaling0: 1.0
timelineCount: 1
timeline0: 0.0
- Scale - 
lowMin: 20.0
lowMax: 20.0
highMin: 130.0
highMax: 180.0
relative: false
scalingCount: 2
scaling0: 0.0
scaling1: 1.0
timelineCount: 2
timeline0: 0.0
timeline1: 1.0
- Velocity - 
active: true
lowMin: 0.0
lowMax: 0.0
highMin: 20.0
highMax: 140.0
relative: false
scalingCount: 1
scaling0: 1.0
timelineCount: 1
timeline0: 0.0
- Angle - 
active: true
lowMin: 0.0
lowMax: 0.0
highMin: 0.0
highMax: 360.0
relative: false
scalingCount: 1
scaling0: 1.0
timelineCount: 1
timeline0: 0.0
- Rotation - 
active: false
- Wind - 
active: false
- Gravity - 
active: false
- Tint - 
colorsCount: 3
colors0: 1.0
colors1: 0.5803922
colors2: 0.047058824
timelineCount: 1
timeline0: 0.0
- Transparency - 
lowMin: 0.0
lowMax: 0.0
highMin: 1.0
highMax: 1.0
relative: false
scalingCount: 3
scaling0: 1.0
scaling1: 1.0
scaling2: 0.0
timelineCount: 3
timeline0: 0.0
timeline1: 0.5068493
timeline2: 1.0
- Options - 
attached: false
continuous: false
aligned: false
additive: true
behind: false
premultipliedAlpha: false
- Image Path -
/C:/Projects/TDI2/asset sources/skin/particle-default.png


Untitled
- Delay -
active: false
- Duration - 
lowMin: 100.0
lowMax: 100.0
- Count - 
min: 0
max: 25
- Emission - 
lowMin: 0.0
lowMax: 0.0
highMin: 1.0
highMax: 1.0
relative: false
scalingCount: 1
scaling0: 1.0
timelineCount: 1
timeline0: 0.0
- Life - 
lowMin: 0.0
lowMax: 0.0
highMin: 1200.0
highMax: 1200.0
relative: false
scalingCount: 1
scaling0: 1.0
timelineCount: 1
timeline0: 0.0
- Life Offset - 
active: false
- X Offset - 
active: false
- Y Offset - 
active: false
- Spawn Shape - 
shape: point
- Spawn Width - 
lowMin: 0.0
lowMax: 0.0
highMin: 0.0
highMax: 0.0
relative: false
scalingCount: 1
scaling0: 1.0
timelineCount: 1
timeline0: 0.0
- Spawn Height - 
lowMin: 0.0
lowMax: 0.0
highMin: 0.0
highMax: 0.0
relative: false
scalingCount: 1
scaling0: 1.0
timelineCount: 1
timeline0: 0.0
- Scale - 
lowMin: 0.0
lowMax: 0.0
highMin: 2000.0
highMax: 2000.0
relative: false
scalingCount: 3
scaling0: 0.21568628
scaling1: 0.88235295
scaling2: 0.4117647
timelineCount: 3
timeline0: 0.0
timeline1: 0.48630136
timeline2: 1.0
- Velocity - 
active: true
lowMin: 0.0
lowMax: 0.0
highMin: 20.0
highMax: 20.0
relative: false
scalingCount: 2
scaling0: 1.0
scaling1: 0.0
timelineCount: 2
timeline0: 0.0
timeline1: 1.0
- Angle - 
active: true
lowMin: 0.0
lowMax: 0.0
highMin: 45.0
highMax: 45.0
relative: false
scalingCount: 1
scaling0: 1.0
timelineCount: 1
timeline0: 0.0
- Rotation - 
active: false
- Wind - 
active: false
- Gravity - 
active: false
- Tint - 
colorsCount: 3
colors0: 0.83137256
colors1: 0.0
colors2: 1.0
timelineCount: 1
timeline0: 0.0
- Transparency - 
lowMin: 0.0
lowMax: 0.0
highMin: 1.0
highMax: 1.0
relative: false
scalingCount: 5
scaling0: 0.0
scaling1: 0.54385966
scaling2: 0.21052632
scaling3: 0.4385965
scaling4: 0.0
timelineCount: 5
timeline0: 0.0
timeline1: 0.1849315
timeline2: 0.30821916
timeline3: 0.5273973
timeline4: 1.0
- Options - 
attached: false
continuous: false
aligned: false
additive: true
behind: false
premultipliedAlpha: false
- Image Path -
/C:/Projects/TDI2/asset sources/skin/particle-lens-flare.png


Untitled
- Delay -
active: false
- Duration - 
lowMin: 100.0
lowMax: 100.0
- Count - 
min: 0
max: 25
- Emission - 
lowMin: 0.0
lowMax: 0.0
highMin: 1.0
highMax: 1.0
relative: false
scalingCount: 1
scaling0: 1.0
timelineCount: 1
timeline0: 0.0
- Life - 
lowMin: 0.0
lowMax: 0.0
highMin: 1500.0
highMax: 1500.0
relative: false
scalingCount: 1
scaling0: 1.0
timelineCount: 1
timeline0: 0.0
- Life Offset - 
active: false
- X Offset - 
active: false
- Y Offset - 
active: false
- Spawn Shape - 
shape: point
- Spawn Width - 
lowMin: 0.0
lowMax: 0.0
highMin: 0.0
highMax: 0.0
relative: false
scalingCount: 1
scaling0: 1.0
timelineCount: 1
timeline0: 0.0
- Spawn Height - 
lowMin: 0.0
lowMax: 0.0
highMin: 0.0
highMax: 0.0
relative: false
scalingCount: 1
scaling0: 1.0
timelineCount: 1
timeline0: 0.0
- Scale - 
lowMin: 0.0
lowMax: 0.0
highMin: 2000.0
highMax: 2000.0
relative: false
scalingCount: 3
scaling0: 0.50980395
scaling1: 0.4509804
scaling2: 1.0
timelineCount: 3
timeline0: 0.0
timeline1: 0.5273973
timeline2: 1.0
- Velocity - 
active: true
lowMin: 0.0
lowMax: 0.0
highMin: 20.0
highMax: 20.0
relative: false
scalingCount: 2
scaling0: 1.0
scaling1: 0.0
timelineCount: 2
timeline0: 0.0
timeline1: 1.0
- Angle - 
active: true
lowMin: 0.0
lowMax: 0.0
highMin: -30.0
highMax: -30.0
relative: false
scalingCount: 1
scaling0: 1.0
timelineCount: 1
timeline0: 0.0
- Rotation - 
active: false
- Wind - 
active: false
- Gravity - 
active: false
- Tint - 
colorsCount: 3
colors0: 1.0
colors1: 1.0
colors2: 1.0
timelineCount: 1
timeline0: 0.0
- Transparency - 
lowMin: 0.0
lowMax: 0.0
highMin: 1.0
highMax: 1.0
relative: false
scalingCount: 4
scaling0: 0.0
scaling1: 0.57894737
scaling2: 0.15789473
scaling3: 0.0
timelineCount: 4
timeline0: 0.0
timeline1: 0.19178082
timeline2: 0.6438356
timeline3: 1.0
- Options - 
attached: false
continuous: false
aligned: false
additive: true
behind: false
premultipliedAlpha: false
- Image Path -
/C:/Projects/TDI2/asset sources/skin/particle-lens-flare.png
