Snowflakes
- Delay -
active: false
- Duration - 
lowMin: 1000.0
lowMax: 1000.0
- Count - 
min: 5
max: 100
- Emission - 
lowMin: 0.0
lowMax: 0.0
highMin: 4.0
highMax: 12.0
relative: false
scalingCount: 1
scaling0: 1.0
timelineCount: 1
timeline0: 0.0
- Life - 
lowMin: 0.0
lowMax: 0.0
highMin: 3000.0
highMax: 7000.0
relative: false
scalingCount: 2
scaling0: 1.0
scaling1: 1.0
timelineCount: 2
timeline0: 0.0
timeline1: 1.0
- Life Offset - 
active: false
- X Offset - 
active: false
- Y Offset - 
active: true
lowMin: 540.0
lowMax: 540.0
highMin: 0.0
highMax: 0.0
relative: false
scalingCount: 1
scaling0: 1.0
timelineCount: 1
timeline0: 0.0
- Spawn Shape - 
shape: square
- Spawn Width - 
lowMin: 0.0
lowMax: 0.0
highMin: 64.0
highMax: 64.0
relative: false
scalingCount: 1
scaling0: 1.0
timelineCount: 1
timeline0: 0.0
- Spawn Height - 
lowMin: 0.0
lowMax: 0.0
highMin: 1080.0
highMax: 1080.0
relative: false
scalingCount: 1
scaling0: 1.0
timelineCount: 1
timeline0: 0.0
- Scale - 
lowMin: 4.0
lowMax: 4.0
highMin: 24.0
highMax: 128.0
relative: false
scalingCount: 1
scaling0: 1.0
timelineCount: 1
timeline0: 0.0
- Velocity - 
active: false
- Angle - 
active: true
lowMin: 0.0
lowMax: 0.0
highMin: 90.0
highMax: 180.0
relative: false
scalingCount: 1
scaling0: 1.0
timelineCount: 1
timeline0: 0.0
- Rotation - 
active: true
lowMin: 360.0
lowMax: 360.0
highMin: 0.0
highMax: 360.0
relative: false
scalingCount: 1
scaling0: 1.0
timelineCount: 1
timeline0: 0.0
- Wind - 
active: false
- Gravity - 
active: false
- Tint - 
colorsCount: 3
colors0: 0.7019608
colors1: 0.8980392
colors2: 0.9882353
timelineCount: 1
timeline0: 0.0
- Transparency - 
lowMin: 0.0
lowMax: 0.0
highMin: 1.0
highMax: 1.0
relative: false
scalingCount: 5
scaling0: 0.0
scaling1: 0.68421054
scaling2: 0.61403507
scaling3: 0.36842105
scaling4: 0.0
timelineCount: 5
timeline0: 0.0
timeline1: 0.16438356
timeline2: 0.49315068
timeline3: 0.77397263
timeline4: 1.0
- Options - 
attached: false
continuous: true
aligned: false
additive: true
behind: false
premultipliedAlpha: false
- Image Path -
/C:/Projects/TDI2/asset sources/skin/particle-ice.png
