Untitled
- Delay -
active: false
- Duration - 
lowMin: 10.0
lowMax: 10.0
- Count - 
min: 10
max: 15
- Emission - 
lowMin: 0.0
lowMax: 0.0
highMin: 1.0
highMax: 1.0
relative: false
scalingCount: 1
scaling0: 1.0
timelineCount: 1
timeline0: 0.0
- Life - 
lowMin: 0.0
lowMax: 0.0
highMin: 500.0
highMax: 750.0
relative: false
scalingCount: 1
scaling0: 1.0
timelineCount: 1
timeline0: 0.0
- Life Offset - 
active: false
- X Offset - 
active: false
- Y Offset - 
active: false
- Spawn Shape - 
shape: point
- Spawn Width - 
lowMin: 0.0
lowMax: 0.0
highMin: 0.0
highMax: 0.0
relative: false
scalingCount: 1
scaling0: 1.0
timelineCount: 1
timeline0: 0.0
- Spawn Height - 
lowMin: 0.0
lowMax: 0.0
highMin: 0.0
highMax: 0.0
relative: false
scalingCount: 1
scaling0: 1.0
timelineCount: 1
timeline0: 0.0
- Scale - 
lowMin: 0.0
lowMax: 0.0
highMin: 28.0
highMax: 28.0
relative: false
scalingCount: 3
scaling0: 0.0
scaling1: 1.0
scaling2: 0.0
timelineCount: 3
timeline0: 0.0
timeline1: 0.17123288
timeline2: 1.0
- Velocity - 
active: true
lowMin: 0.0
lowMax: 0.0
highMin: 50.0
highMax: 800.0
relative: false
scalingCount: 2
scaling0: 1.0
scaling1: 0.37254903
timelineCount: 2
timeline0: 0.0
timeline1: 1.0
- Angle - 
active: true
lowMin: 0.0
lowMax: 0.0
highMin: 360.0
highMax: 0.0
relative: false
scalingCount: 1
scaling0: 1.0
timelineCount: 1
timeline0: 0.0
- Rotation - 
active: true
lowMin: 0.0
lowMax: 0.0
highMin: 360.0
highMax: 0.0
relative: false
scalingCount: 2
scaling0: 1.0
scaling1: 0.7647059
timelineCount: 2
timeline0: 0.0
timeline1: 0.98630136
- Wind - 
active: false
- Gravity - 
active: false
- Tint - 
colorsCount: 3
colors0: 1.0
colors1: 1.0
colors2: 1.0
timelineCount: 1
timeline0: 0.0
- Transparency - 
lowMin: 0.0
lowMax: 0.0
highMin: 1.0
highMax: 1.0
relative: false
scalingCount: 1
scaling0: 0.75438595
timelineCount: 1
timeline0: 0.0
- Options - 
attached: false
continuous: false
aligned: false
additive: true
behind: false
premultipliedAlpha: false
- Image Path -
/C:/Projects/TDI2/asset sources/combined/particle-triangle.png
