Untitled
- Delay -
active: false
- Duration - 
lowMin: 1000.0
lowMax: 1000.0
- Count - 
min: 0
max: 200
- Emission - 
lowMin: 0.0
lowMax: 0.0
highMin: 5.0
highMax: 5.0
relative: false
scalingCount: 1
scaling0: 1.0
timelineCount: 1
timeline0: 0.0
- Life - 
lowMin: 0.0
lowMax: 0.0
highMin: 6000.0
highMax: 6000.0
relative: false
scalingCount: 1
scaling0: 1.0
timelineCount: 1
timeline0: 0.0
- Life Offset - 
active: true
lowMin: 0.0
lowMax: 0.0
highMin: 0.0
highMax: 0.0
relative: false
scalingCount: 1
scaling0: 1.0
timelineCount: 1
timeline0: 0.0
- X Offset - 
active: true
lowMin: -16.0
lowMax: -16.0
highMin: 0.0
highMax: 0.0
relative: false
scalingCount: 1
scaling0: 1.0
timelineCount: 1
timeline0: 0.0
- Y Offset - 
active: true
lowMin: -16.0
lowMax: -16.0
highMin: 0.0
highMax: 0.0
relative: false
scalingCount: 1
scaling0: 1.0
timelineCount: 1
timeline0: 0.0
- Spawn Shape - 
shape: line
- Spawn Width - 
lowMin: 0.0
lowMax: 0.0
highMin: 0.0
highMax: 0.0
relative: false
scalingCount: 1
scaling0: 1.0
timelineCount: 1
timeline0: 0.0
- Spawn Height - 
lowMin: 0.0
lowMax: 0.0
highMin: 32.0
highMax: 32.0
relative: false
scalingCount: 1
scaling0: 1.0
timelineCount: 1
timeline0: 0.0
- Scale - 
lowMin: 0.0
lowMax: 0.0
highMin: 12.0
highMax: 12.0
relative: false
scalingCount: 4
scaling0: 0.0
scaling1: 0.0
scaling2: 1.0
scaling3: 0.0
timelineCount: 4
timeline0: 0.0
timeline1: 0.07534247
timeline2: 0.20547946
timeline3: 1.0
- Velocity - 
active: true
lowMin: 25.0
lowMax: 25.0
highMin: 40.0
highMax: 50.0
relative: false
scalingCount: 2
scaling0: 1.0
scaling1: 0.0
timelineCount: 2
timeline0: 0.0
timeline1: 1.0
- Angle - 
active: true
lowMin: 0.0
lowMax: 0.0
highMin: 180.0
highMax: 180.0
relative: false
scalingCount: 1
scaling0: 1.0
timelineCount: 1
timeline0: 0.0
- Rotation - 
active: true
lowMin: -180.0
lowMax: 180.0
highMin: 0.0
highMax: 0.0
relative: false
scalingCount: 2
scaling0: 1.0
scaling1: 0.0
timelineCount: 2
timeline0: 0.0
timeline1: 1.0
- Wind - 
active: false
- Gravity - 
active: false
- Tint - 
colorsCount: 3
colors0: 1.0
colors1: 1.0
colors2: 1.0
timelineCount: 1
timeline0: 0.0
- Transparency - 
lowMin: 0.0
lowMax: 0.0
highMin: 1.0
highMax: 1.0
relative: false
scalingCount: 4
scaling0: 0.0
scaling1: 0.0
scaling2: 0.50877196
scaling3: 0.0
timelineCount: 4
timeline0: 0.0
timeline1: 0.09589041
timeline2: 0.30136988
timeline3: 1.0
- Options - 
attached: false
continuous: true
aligned: false
additive: false
behind: false
premultipliedAlpha: false
- Image Path -
/C:/Projects/TDI2/asset sources/skin/particle-pentagon.png


Untitled
- Delay -
active: false
- Duration - 
lowMin: 1000.0
lowMax: 1000.0
- Count - 
min: 0
max: 200
- Emission - 
lowMin: 0.0
lowMax: 0.0
highMin: 5.0
highMax: 5.0
relative: false
scalingCount: 1
scaling0: 1.0
timelineCount: 1
timeline0: 0.0
- Life - 
lowMin: 0.0
lowMax: 0.0
highMin: 6000.0
highMax: 6000.0
relative: false
scalingCount: 1
scaling0: 1.0
timelineCount: 1
timeline0: 0.0
- Life Offset - 
active: false
- X Offset - 
active: true
lowMin: 16.0
lowMax: 16.0
highMin: 0.0
highMax: 0.0
relative: false
scalingCount: 1
scaling0: 1.0
timelineCount: 1
timeline0: 0.0
- Y Offset - 
active: true
lowMin: -16.0
lowMax: -16.0
highMin: 0.0
highMax: 0.0
relative: false
scalingCount: 1
scaling0: 1.0
timelineCount: 1
timeline0: 0.0
- Spawn Shape - 
shape: line
- Spawn Width - 
lowMin: 0.0
lowMax: 0.0
highMin: 0.0
highMax: 0.0
relative: false
scalingCount: 1
scaling0: 1.0
timelineCount: 1
timeline0: 0.0
- Spawn Height - 
lowMin: 0.0
lowMax: 0.0
highMin: 32.0
highMax: 32.0
relative: false
scalingCount: 1
scaling0: 1.0
timelineCount: 1
timeline0: 0.0
- Scale - 
lowMin: 0.0
lowMax: 0.0
highMin: 12.0
highMax: 12.0
relative: false
scalingCount: 3
scaling0: 0.0
scaling1: 1.0
scaling2: 0.0
timelineCount: 3
timeline0: 0.0
timeline1: 0.10273973
timeline2: 1.0
- Velocity - 
active: true
lowMin: 25.0
lowMax: 25.0
highMin: 40.0
highMax: 50.0
relative: false
scalingCount: 2
scaling0: 1.0
scaling1: 0.0
timelineCount: 2
timeline0: 0.0
timeline1: 1.0
- Angle - 
active: true
lowMin: 0.0
lowMax: 0.0
highMin: 0.0
highMax: 0.0
relative: false
scalingCount: 1
scaling0: 1.0
timelineCount: 1
timeline0: 0.0
- Rotation - 
active: true
lowMin: -180.0
lowMax: 180.0
highMin: 0.0
highMax: 0.0
relative: false
scalingCount: 2
scaling0: 1.0
scaling1: 0.0
timelineCount: 2
timeline0: 0.0
timeline1: 1.0
- Wind - 
active: false
- Gravity - 
active: false
- Tint - 
colorsCount: 3
colors0: 1.0
colors1: 1.0
colors2: 1.0
timelineCount: 1
timeline0: 0.0
- Transparency - 
lowMin: 0.0
lowMax: 0.0
highMin: 1.0
highMax: 1.0
relative: false
scalingCount: 4
scaling0: 0.0
scaling1: 0.0
scaling2: 0.49122807
scaling3: 0.0
timelineCount: 4
timeline0: 0.0
timeline1: 0.0890411
timeline2: 0.30136988
timeline3: 1.0
- Options - 
attached: false
continuous: true
aligned: false
additive: false
behind: false
premultipliedAlpha: false
- Image Path -
/C:/Projects/TDI2/asset sources/skin/particle-pentagon.png
