Untitled
- Delay -
active: false
- Duration - 
lowMin: 16.0
lowMax: 16.0
- Count - 
min: 1
max: 1
- Emission - 
lowMin: 0.0
lowMax: 0.0
highMin: 14.0
highMax: 14.0
relative: false
scalingCount: 1
scaling0: 1.0
timelineCount: 1
timeline0: 0.0
- Life - 
lowMin: 500.0
lowMax: 500.0
highMin: 1000.0
highMax: 1000.0
relative: false
scalingCount: 1
scaling0: 1.0
timelineCount: 1
timeline0: 0.0
- Life Offset - 
active: false
- X Offset - 
active: false
- Y Offset - 
active: false
- Spawn Shape - 
shape: point
- Spawn Width - 
lowMin: 0.0
lowMax: 0.0
highMin: 64.0
highMax: 64.0
relative: false
scalingCount: 1
scaling0: 1.0
timelineCount: 1
timeline0: 0.0
- Spawn Height - 
lowMin: 0.0
lowMax: 0.0
highMin: 64.0
highMax: 64.0
relative: false
scalingCount: 1
scaling0: 1.0
timelineCount: 1
timeline0: 0.0
- Scale - 
lowMin: 96.0
lowMax: 96.0
highMin: 64.0
highMax: 64.0
relative: false
scalingCount: 2
scaling0: 1.0
scaling1: 0.0
timelineCount: 2
timeline0: 0.0
timeline1: 1.0
- Velocity - 
active: false
- Angle - 
active: true
lowMin: 90.0
lowMax: 90.0
highMin: 90.0
highMax: 90.0
relative: false
scalingCount: 1
scaling0: 1.0
timelineCount: 1
timeline0: 0.0
- Rotation - 
active: false
- Wind - 
active: false
- Gravity - 
active: false
- Tint - 
colorsCount: 3
colors0: 0.69803923
colors1: 1.0
colors2: 0.0
timelineCount: 1
timeline0: 0.0
- Transparency - 
lowMin: 0.0
lowMax: 0.0
highMin: 1.0
highMax: 1.0
relative: false
scalingCount: 3
scaling0: 0.0
scaling1: 0.5614035
scaling2: 0.0
timelineCount: 3
timeline0: 0.0
timeline1: 0.19863014
timeline2: 1.0
- Options - 
attached: false
continuous: false
aligned: false
additive: true
behind: false
premultipliedAlpha: false
- Image Path -
/C:/Projects/TDI2/asset sources/skin/3d-sphere-basic.png
