Untitled
- Delay -
active: false
- Duration - 
lowMin: 1000.0
lowMax: 1000.0
- Count - 
min: 0
max: 500
- Emission - 
lowMin: 0.0
lowMax: 0.0
highMin: 7.0
highMax: 7.0
relative: false
scalingCount: 1
scaling0: 1.0
timelineCount: 1
timeline0: 0.0
- Life - 
lowMin: 0.0
lowMax: 0.0
highMin: 5000.0
highMax: 8000.0
relative: false
scalingCount: 1
scaling0: 1.0
timelineCount: 1
timeline0: 0.0
- Life Offset - 
active: false
- X Offset - 
active: true
lowMin: -256.0
lowMax: -256.0
highMin: 0.0
highMax: 0.0
relative: false
scalingCount: 1
scaling0: 1.0
timelineCount: 1
timeline0: 0.0
- Y Offset - 
active: true
lowMin: -32.0
lowMax: -32.0
highMin: 0.0
highMax: 0.0
relative: false
scalingCount: 1
scaling0: 1.0
timelineCount: 1
timeline0: 0.0
- Spawn Shape - 
shape: line
- Spawn Width - 
lowMin: 0.0
lowMax: 0.0
highMin: 512.0
highMax: 512.0
relative: false
scalingCount: 1
scaling0: 1.0
timelineCount: 1
timeline0: 0.0
- Spawn Height - 
lowMin: 0.0
lowMax: 0.0
highMin: 0.0
highMax: 0.0
relative: false
scalingCount: 1
scaling0: 1.0
timelineCount: 1
timeline0: 0.0
- Scale - 
lowMin: 256.0
lowMax: 256.0
highMin: 128.0
highMax: 192.0
relative: false
scalingCount: 2
scaling0: 1.0
scaling1: 0.0
timelineCount: 2
timeline0: 0.0
timeline1: 1.0
- Velocity - 
active: true
lowMin: 0.0
lowMax: 0.0
highMin: 10.0
highMax: 25.0
relative: false
scalingCount: 1
scaling0: 1.0
timelineCount: 1
timeline0: 0.0
- Angle - 
active: true
lowMin: 90.0
lowMax: 90.0
highMin: 0.0
highMax: 180.0
relative: false
scalingCount: 2
scaling0: 1.0
scaling1: 0.0
timelineCount: 2
timeline0: 0.0
timeline1: 1.0
- Rotation - 
active: true
lowMin: 0.0
lowMax: 0.0
highMin: -180.0
highMax: 180.0
relative: true
scalingCount: 2
scaling0: 0.0
scaling1: 0.50980395
timelineCount: 2
timeline0: 0.0
timeline1: 1.0
- Wind - 
active: false
- Gravity - 
active: false
- Tint - 
colorsCount: 3
colors0: 1.0
colors1: 1.0
colors2: 1.0
timelineCount: 1
timeline0: 0.0
- Transparency - 
lowMin: 0.0
lowMax: 0.0
highMin: 1.0
highMax: 1.0
relative: false
scalingCount: 3
scaling0: 0.0
scaling1: 0.09550562
scaling2: 0.0
timelineCount: 3
timeline0: 0.0
timeline1: 0.20114942
timeline2: 1.0
- Options - 
attached: true
continuous: true
aligned: false
additive: true
behind: false
premultipliedAlpha: false
- Image Path -
/C:/Projects/TDI2/asset sources/skin/particle-smoke.png


Untitled
- Delay -
active: false
- Duration - 
lowMin: 5000.0
lowMax: 7000.0
- Count - 
min: 10
max: 500
- Emission - 
lowMin: 0.0
lowMax: 0.0
highMin: 45.0
highMax: 45.0
relative: false
scalingCount: 20
scaling0: 0.54901963
scaling1: 0.747191
scaling2: 0.8033708
scaling3: 0.57865167
scaling4: 0.38764045
scaling5: 0.20224719
scaling6: 0.12921348
scaling7: 0.2247191
scaling8: 0.3988764
scaling9: 0.7921348
scaling10: 0.9550562
scaling11: 0.8764045
scaling12: 0.5168539
scaling13: 0.25842696
scaling14: 0.123595506
scaling15: 0.21348314
scaling16: 0.48876405
scaling17: 0.71910113
scaling18: 0.6966292
scaling19: 0.53370786
timelineCount: 20
timeline0: 0.0
timeline1: 0.06861314
timeline2: 0.15547445
timeline3: 0.25036496
timeline4: 0.2865275
timeline5: 0.3529412
timeline6: 0.4174573
timeline7: 0.4800759
timeline8: 0.53065693
timeline9: 0.5671533
timeline10: 0.60910815
timeline11: 0.6569343
timeline12: 0.68759125
timeline13: 0.7240876
timeline14: 0.7703985
timeline15: 0.81751823
timeline16: 0.8445256
timeline17: 0.8854015
timeline18: 0.9321168
timeline19: 0.97372264
- Life - 
lowMin: 1000.0
lowMax: 2500.0
highMin: 800.0
highMax: 1200.0
relative: false
scalingCount: 7
scaling0: 1.0
scaling1: 0.8235294
scaling2: 0.21568628
scaling3: 0.0
scaling4: 0.27450982
scaling5: 0.8039216
scaling6: 0.92156863
timelineCount: 7
timeline0: 0.0
timeline1: 0.1780822
timeline2: 0.36301368
timeline3: 0.5
timeline4: 0.6232877
timeline5: 0.79452056
timeline6: 0.8835617
- Life Offset - 
active: false
- X Offset - 
active: true
lowMin: -256.0
lowMax: -256.0
highMin: 0.0
highMax: 0.0
relative: false
scalingCount: 1
scaling0: 1.0
timelineCount: 1
timeline0: 0.0
- Y Offset - 
active: true
lowMin: -8.0
lowMax: -8.0
highMin: 0.0
highMax: 0.0
relative: false
scalingCount: 1
scaling0: 1.0
timelineCount: 1
timeline0: 0.0
- Spawn Shape - 
shape: line
- Spawn Width - 
lowMin: 0.0
lowMax: 0.0
highMin: 512.0
highMax: 512.0
relative: false
scalingCount: 1
scaling0: 1.0
timelineCount: 1
timeline0: 0.0
- Spawn Height - 
lowMin: 0.0
lowMax: 0.0
highMin: 0.0
highMax: 0.0
relative: false
scalingCount: 1
scaling0: 1.0
timelineCount: 1
timeline0: 0.0
- Scale - 
lowMin: 0.0
lowMax: 0.0
highMin: 12.0
highMax: 12.0
relative: false
scalingCount: 3
scaling0: 0.0
scaling1: 1.0
scaling2: 0.0
timelineCount: 3
timeline0: 0.0
timeline1: 0.001
timeline2: 1.0
- Velocity - 
active: true
lowMin: 30.0
lowMax: 30.0
highMin: 120.0
highMax: 250.0
relative: false
scalingCount: 2
scaling0: 1.0
scaling1: 1.0
timelineCount: 2
timeline0: 0.0
timeline1: 1.0
- Angle - 
active: true
lowMin: 90.0
lowMax: 235.0
highMin: -45.0
highMax: 90.0
relative: false
scalingCount: 22
scaling0: 0.8258427
scaling1: 0.74157304
scaling2: 0.2752809
scaling3: 0.16853933
scaling4: 0.2247191
scaling5: 0.7977528
scaling6: 0.8876405
scaling7: 0.7921348
scaling8: 0.25842696
scaling9: 0.14606741
scaling10: 0.24719101
scaling11: 0.6741573
scaling12: 0.8146067
scaling13: 0.71910113
scaling14: 0.28651685
scaling15: 0.19101124
scaling16: 0.3258427
scaling17: 0.6741573
scaling18: 0.7921348
scaling19: 0.6966292
scaling20: 0.38764045
scaling21: 0.24157304
timelineCount: 22
timeline0: 0.0
timeline1: 0.023357663
timeline2: 0.07518248
timeline3: 0.1
timeline4: 0.14800759
timeline5: 0.21821631
timeline6: 0.27703986
timeline7: 0.32447818
timeline8: 0.3643264
timeline9: 0.4231499
timeline10: 0.48197344
timeline11: 0.5294118
timeline12: 0.573055
timeline13: 0.61480075
timeline14: 0.65844405
timeline15: 0.7077799
timeline16: 0.7760911
timeline17: 0.80834913
timeline18: 0.85958254
timeline19: 0.90702087
timeline20: 0.943074
timeline21: 0.9981025
- Rotation - 
active: false
- Wind - 
active: false
- Gravity - 
active: false
- Tint - 
colorsCount: 3
colors0: 1.0
colors1: 0.38431373
colors2: 0.0
timelineCount: 1
timeline0: 0.0
- Transparency - 
lowMin: 0.0
lowMax: 0.0
highMin: 1.0
highMax: 1.0
relative: false
scalingCount: 1
scaling0: 1.0
timelineCount: 1
timeline0: 0.0
- Options - 
attached: true
continuous: true
aligned: false
additive: true
behind: false
premultipliedAlpha: false
- Image Path -
/C:/Projects/TDI2/asset sources/skin/particle-default.png


Untitled
- Delay -
active: false
- Duration - 
lowMin: 1000.0
lowMax: 1000.0
- Count - 
min: 10
max: 250
- Emission - 
lowMin: 0.0
lowMax: 0.0
highMin: 4.0
highMax: 4.0
relative: false
scalingCount: 1
scaling0: 1.0
timelineCount: 1
timeline0: 0.0
- Life - 
lowMin: 0.0
lowMax: 0.0
highMin: 3000.0
highMax: 4000.0
relative: false
scalingCount: 1
scaling0: 1.0
timelineCount: 1
timeline0: 0.0
- Life Offset - 
active: false
- X Offset - 
active: true
lowMin: -256.0
lowMax: -256.0
highMin: 0.0
highMax: 0.0
relative: false
scalingCount: 1
scaling0: 1.0
timelineCount: 1
timeline0: 0.0
- Y Offset - 
active: true
lowMin: -64.0
lowMax: -64.0
highMin: 0.0
highMax: 0.0
relative: false
scalingCount: 1
scaling0: 1.0
timelineCount: 1
timeline0: 0.0
- Spawn Shape - 
shape: line
- Spawn Width - 
lowMin: 0.0
lowMax: 0.0
highMin: 512.0
highMax: 512.0
relative: false
scalingCount: 1
scaling0: 1.0
timelineCount: 1
timeline0: 0.0
- Spawn Height - 
lowMin: 0.0
lowMax: 0.0
highMin: 0.0
highMax: 0.0
relative: false
scalingCount: 1
scaling0: 1.0
timelineCount: 1
timeline0: 0.0
- Scale - 
lowMin: 0.0
lowMax: 0.0
highMin: 160.0
highMax: 300.0
relative: false
scalingCount: 1
scaling0: 1.0
timelineCount: 1
timeline0: 0.0
- Velocity - 
active: false
- Angle - 
active: false
- Rotation - 
active: false
- Wind - 
active: false
- Gravity - 
active: false
- Tint - 
colorsCount: 3
colors0: 1.0
colors1: 0.2
colors2: 0.101960786
timelineCount: 1
timeline0: 0.0
- Transparency - 
lowMin: 0.0
lowMax: 0.0
highMin: 1.0
highMax: 1.0
relative: false
scalingCount: 3
scaling0: 0.0
scaling1: 0.15730338
scaling2: 0.0
timelineCount: 3
timeline0: 0.0
timeline1: 0.50036633
timeline2: 1.0
- Options - 
attached: true
continuous: true
aligned: false
additive: true
behind: false
premultipliedAlpha: false
- Image Path -
/C:/Projects/TDI2/asset sources/skin/particle-default.png
