Untitled
- Delay -
active: false
- Duration - 
lowMin: 200.0
lowMax: 200.0
- Count - 
min: 0
max: 200
- Emission - 
lowMin: 0.0
lowMax: 0.0
highMin: 50.0
highMax: 50.0
relative: false
scalingCount: 1
scaling0: 1.0
timelineCount: 1
timeline0: 0.0
- Life - 
lowMin: 0.0
lowMax: 0.0
highMin: 500.0
highMax: 2500.0
relative: false
scalingCount: 1
scaling0: 1.0
timelineCount: 1
timeline0: 0.0
- Life Offset - 
active: false
- X Offset - 
active: false
- Y Offset - 
active: false
- Spawn Shape - 
shape: point
- Spawn Width - 
lowMin: 0.0
lowMax: 0.0
highMin: 200.0
highMax: 200.0
relative: false
scalingCount: 1
scaling0: 1.0
timelineCount: 1
timeline0: 0.0
- Spawn Height - 
lowMin: 0.0
lowMax: 0.0
highMin: 0.0
highMax: 0.0
relative: false
scalingCount: 1
scaling0: 1.0
timelineCount: 1
timeline0: 0.0
- Scale - 
lowMin: 0.0
lowMax: 0.0
highMin: 11.0
highMax: 19.0
relative: false
scalingCount: 2
scaling0: 1.0
scaling1: 0.0
timelineCount: 2
timeline0: 0.0
timeline1: 1.0
- Velocity - 
active: true
lowMin: 0.0
lowMax: 0.0
highMin: 260.0
highMax: 400.0
relative: false
scalingCount: 2
scaling0: 1.0
scaling1: 0.0
timelineCount: 2
timeline0: 0.0
timeline1: 1.0
- Angle - 
active: true
lowMin: 0.0
lowMax: 360.0
highMin: 0.0
highMax: 360.0
relative: false
scalingCount: 18
scaling0: 0.0
scaling1: 0.8426966
scaling2: 1.0
scaling3: 0.8988764
scaling4: 0.21348314
scaling5: 0.0
scaling6: 0.1741573
scaling7: 0.7022472
scaling8: 0.8651685
scaling9: 0.7303371
scaling10: 0.29213482
scaling11: 0.16292135
scaling12: 0.30898875
scaling13: 0.6235955
scaling14: 0.66853935
scaling15: 0.53932583
scaling16: 0.3988764
scaling17: 0.3483146
timelineCount: 18
timeline0: 0.0
timeline1: 0.075187966
timeline2: 0.15068494
timeline3: 0.19822283
timeline4: 0.2508544
timeline5: 0.30821916
timeline6: 0.3595352
timeline7: 0.40054682
timeline8: 0.4483937
timeline9: 0.5051265
timeline10: 0.5386193
timeline11: 0.5967191
timeline12: 0.6555024
timeline13: 0.7033493
timeline14: 0.74914557
timeline15: 0.797676
timeline16: 0.83253586
timeline17: 0.89063567
- Rotation - 
active: false
- Wind - 
active: false
- Gravity - 
active: true
lowMin: 0.0
lowMax: 0.0
highMin: 240.0
highMax: 240.0
relative: false
scalingCount: 1
scaling0: 1.0
timelineCount: 1
timeline0: 0.0
- Tint - 
colorsCount: 3
colors0: 1.0
colors1: 0.25490198
colors2: 0.023529412
timelineCount: 1
timeline0: 0.0
- Transparency - 
lowMin: 0.0
lowMax: 0.0
highMin: 1.0
highMax: 1.0
relative: false
scalingCount: 4
scaling0: 0.0
scaling1: 1.0
scaling2: 0.75
scaling3: 0.0
timelineCount: 4
timeline0: 0.0
timeline1: 0.2
timeline2: 0.8
timeline3: 1.0
- Options - 
attached: false
continuous: true
aligned: false
additive: true
behind: false
premultipliedAlpha: false
- Image Path -
/C:/Projects/TDI2/asset sources/skin/particle-default.png


Untitled
- Delay -
active: false
- Duration - 
lowMin: 200.0
lowMax: 200.0
- Count - 
min: 0
max: 200
- Emission - 
lowMin: 0.0
lowMax: 0.0
highMin: 50.0
highMax: 50.0
relative: false
scalingCount: 1
scaling0: 1.0
timelineCount: 1
timeline0: 0.0
- Life - 
lowMin: 0.0
lowMax: 0.0
highMin: 500.0
highMax: 2500.0
relative: false
scalingCount: 1
scaling0: 1.0
timelineCount: 1
timeline0: 0.0
- Life Offset - 
active: false
- X Offset - 
active: false
- Y Offset - 
active: false
- Spawn Shape - 
shape: point
- Spawn Width - 
lowMin: 0.0
lowMax: 0.0
highMin: 200.0
highMax: 200.0
relative: false
scalingCount: 1
scaling0: 1.0
timelineCount: 1
timeline0: 0.0
- Spawn Height - 
lowMin: 0.0
lowMax: 0.0
highMin: 0.0
highMax: 0.0
relative: false
scalingCount: 1
scaling0: 1.0
timelineCount: 1
timeline0: 0.0
- Scale - 
lowMin: 0.0
lowMax: 0.0
highMin: 11.0
highMax: 19.0
relative: false
scalingCount: 2
scaling0: 1.0
scaling1: 0.0
timelineCount: 2
timeline0: 0.0
timeline1: 1.0
- Velocity - 
active: true
lowMin: 0.0
lowMax: 0.0
highMin: 160.0
highMax: 300.0
relative: false
scalingCount: 2
scaling0: 1.0
scaling1: 0.0
timelineCount: 2
timeline0: 0.0
timeline1: 1.0
- Angle - 
active: true
lowMin: 0.0
lowMax: 360.0
highMin: 0.0
highMax: 360.0
relative: false
scalingCount: 30
scaling0: 0.0
scaling1: 0.6573034
scaling2: 0.8426966
scaling3: 0.9550562
scaling4: 1.0
scaling5: 0.9719101
scaling6: 0.8988764
scaling7: 0.66292137
scaling8: 0.21348314
scaling9: 0.073033705
scaling10: 0.0
scaling11: 0.056179777
scaling12: 0.1741573
scaling13: 0.7022472
scaling14: 0.8146067
scaling15: 0.8651685
scaling16: 0.83146065
scaling17: 0.7303371
scaling18: 0.29213482
scaling19: 0.19101124
scaling20: 0.16292135
scaling21: 0.20786516
scaling22: 0.30898875
scaling23: 0.6235955
scaling24: 0.6797753
scaling25: 0.6966292
scaling26: 0.6292135
scaling27: 0.53932583
scaling28: 0.3988764
scaling29: 0.3483146
timelineCount: 30
timeline0: 0.0
timeline1: 0.039848197
timeline2: 0.075187966
timeline3: 0.10626186
timeline4: 0.15068494
timeline5: 0.18026565
timeline6: 0.19822283
timeline7: 0.22580644
timeline8: 0.2508544
timeline9: 0.2675522
timeline10: 0.30821916
timeline11: 0.3434535
timeline12: 0.3595352
timeline13: 0.40054682
timeline14: 0.4117647
timeline15: 0.4483937
timeline16: 0.48197344
timeline17: 0.5051265
timeline18: 0.5386193
timeline19: 0.55787474
timeline20: 0.5967191
timeline21: 0.62808347
timeline22: 0.6555024
timeline23: 0.7033493
timeline24: 0.7210626
timeline25: 0.7533207
timeline26: 0.7760911
timeline27: 0.797676
timeline28: 0.83253586
timeline29: 0.89063567
- Rotation - 
active: false
- Wind - 
active: false
- Gravity - 
active: true
lowMin: 0.0
lowMax: 0.0
highMin: 240.0
highMax: 240.0
relative: false
scalingCount: 1
scaling0: 1.0
timelineCount: 1
timeline0: 0.0
- Tint - 
colorsCount: 3
colors0: 1.0
colors1: 0.75686276
colors2: 0.0
timelineCount: 1
timeline0: 0.0
- Transparency - 
lowMin: 0.0
lowMax: 0.0
highMin: 1.0
highMax: 1.0
relative: false
scalingCount: 4
scaling0: 0.0
scaling1: 1.0
scaling2: 0.75
scaling3: 0.0
timelineCount: 4
timeline0: 0.0
timeline1: 0.2
timeline2: 0.8
timeline3: 1.0
- Options - 
attached: false
continuous: true
aligned: false
additive: true
behind: false
premultipliedAlpha: false
- Image Path -
/C:/Projects/TDI2/asset sources/skin/particle-default.png


Untitled
- Delay -
active: false
- Duration - 
lowMin: 1000.0
lowMax: 1000.0
- Count - 
min: 0
max: 250
- Emission - 
lowMin: 33.0
lowMax: 33.0
highMin: 100.0
highMax: 100.0
relative: false
scalingCount: 9
scaling0: 0.0
scaling1: 0.7647059
scaling2: 1.0
scaling3: 0.25490198
scaling4: 0.0
scaling5: 0.78431374
scaling6: 1.0
scaling7: 0.7647059
scaling8: 0.0
timelineCount: 9
timeline0: 0.0
timeline1: 0.10273973
timeline2: 0.24657534
timeline3: 0.3219178
timeline4: 0.5
timeline5: 0.5890411
timeline6: 0.74657536
timeline7: 0.8767123
timeline8: 1.0
- Life - 
lowMin: 0.0
lowMax: 0.0
highMin: 500.0
highMax: 1500.0
relative: false
scalingCount: 1
scaling0: 1.0
timelineCount: 1
timeline0: 0.0
- Life Offset - 
active: false
- X Offset - 
active: false
- Y Offset - 
active: false
- Spawn Shape - 
shape: point
- Spawn Width - 
lowMin: 0.0
lowMax: 0.0
highMin: 32.0
highMax: 32.0
relative: false
scalingCount: 1
scaling0: 1.0
timelineCount: 1
timeline0: 0.0
- Spawn Height - 
lowMin: 0.0
lowMax: 0.0
highMin: 0.0
highMax: 0.0
relative: false
scalingCount: 1
scaling0: 1.0
timelineCount: 1
timeline0: 0.0
- Scale - 
lowMin: 16.0
lowMax: 16.0
highMin: 48.0
highMax: 48.0
relative: false
scalingCount: 3
scaling0: 0.0
scaling1: 1.0
scaling2: 0.47058824
timelineCount: 3
timeline0: 0.0
timeline1: 0.19178082
timeline2: 1.0
- Velocity - 
active: true
lowMin: 48.0
lowMax: 48.0
highMin: 128.0
highMax: 256.0
relative: false
scalingCount: 2
scaling0: 0.0
scaling1: 1.0
timelineCount: 2
timeline0: 0.0
timeline1: 1.0
- Angle - 
active: true
lowMin: 90.0
lowMax: 90.0
highMin: 45.0
highMax: 135.0
relative: false
scalingCount: 3
scaling0: 1.0
scaling1: 0.7647059
scaling2: 0.0
timelineCount: 3
timeline0: 0.0
timeline1: 0.5205479
timeline2: 1.0
- Rotation - 
active: false
- Wind - 
active: false
- Gravity - 
active: false
- Tint - 
colorsCount: 3
colors0: 1.0
colors1: 0.34117648
colors2: 0.10980392
timelineCount: 1
timeline0: 0.0
- Transparency - 
lowMin: 0.0
lowMax: 0.0
highMin: 1.0
highMax: 1.0
relative: false
scalingCount: 2
scaling0: 1.0
scaling1: 0.0
timelineCount: 2
timeline0: 0.0
timeline1: 1.0
- Options - 
attached: false
continuous: true
aligned: false
additive: true
behind: false
premultipliedAlpha: false
- Image Path -
/C:/Projects/TDI2/asset sources/skin/particle-default.png
