Untitled
- Delay -
active: false
- Duration - 
lowMin: 100.0
lowMax: 100.0
- Count - 
min: 1
max: 50
- Emission - 
lowMin: 0.0
lowMax: 0.0
highMin: 0.0
highMax: 0.0
relative: false
scalingCount: 1
scaling0: 1.0
timelineCount: 1
timeline0: 0.0
- Life - 
lowMin: 0.0
lowMax: 0.0
highMin: 800.0
highMax: 1500.0
relative: false
scalingCount: 1
scaling0: 1.0
timelineCount: 1
timeline0: 0.0
- Life Offset - 
active: false
- X Offset - 
active: false
- Y Offset - 
active: false
- Spawn Shape - 
shape: point
- Spawn Width - 
lowMin: 0.0
lowMax: 0.0
highMin: 0.0
highMax: 0.0
relative: false
scalingCount: 1
scaling0: 1.0
timelineCount: 1
timeline0: 0.0
- Spawn Height - 
lowMin: 0.0
lowMax: 0.0
highMin: 0.0
highMax: 0.0
relative: false
scalingCount: 1
scaling0: 1.0
timelineCount: 1
timeline0: 0.0
- Scale - 
lowMin: 16.0
lowMax: 16.0
highMin: 32.0
highMax: 32.0
relative: false
scalingCount: 2
scaling0: 0.0
scaling1: 1.0
timelineCount: 2
timeline0: 0.0
timeline1: 1.0
- Velocity - 
active: true
lowMin: 0.0
lowMax: 0.0
highMin: 60.0
highMax: 200.0
relative: false
scalingCount: 3
scaling0: 0.0
scaling1: 1.0
scaling2: 0.0
timelineCount: 3
timeline0: 0.0
timeline1: 0.15068494
timeline2: 1.0
- Angle - 
active: true
lowMin: 90.0
lowMax: 90.0
highMin: 60.0
highMax: 120.0
relative: false
scalingCount: 1
scaling0: 1.0
timelineCount: 1
timeline0: 0.0
- Rotation - 
active: true
lowMin: -90.0
lowMax: 45.0
highMin: -125.0
highMax: -125.0
relative: false
scalingCount: 1
scaling0: 1.0
timelineCount: 1
timeline0: 0.0
- Wind - 
active: true
lowMin: -30.0
lowMax: 30.0
highMin: -30.0
highMax: 30.0
relative: false
scalingCount: 3
scaling0: 1.0
scaling1: 0.0
scaling2: 1.0
timelineCount: 3
timeline0: 0.0
timeline1: 0.5
timeline2: 1.0
- Gravity - 
active: true
lowMin: 0.0
lowMax: 0.0
highMin: -100.0
highMax: -300.0
relative: false
scalingCount: 2
scaling0: 0.0
scaling1: 1.0
timelineCount: 2
timeline0: 0.0
timeline1: 1.0
- Tint - 
colorsCount: 3
colors0: 1.0
colors1: 1.0
colors2: 1.0
timelineCount: 1
timeline0: 0.0
- Transparency - 
lowMin: 0.0
lowMax: 0.0
highMin: 1.0
highMax: 1.0
relative: false
scalingCount: 4
scaling0: 0.0
scaling1: 1.0
scaling2: 0.84210527
scaling3: 0.0
timelineCount: 4
timeline0: 0.0
timeline1: 0.13013698
timeline2: 0.89041096
timeline3: 1.0
- Options - 
attached: false
continuous: false
aligned: true
additive: false
behind: false
premultipliedAlpha: false
- Image Path -
/C:/Projects/TDI2/asset sources/skin/particle-paper.png
