Untitled
- Delay -
active: false
- Duration - 
lowMin: 50.0
lowMax: 50.0
- Count - 
min: 248
max: 24
- Emission - 
lowMin: 0.0
lowMax: 0.0
highMin: 150.0
highMax: 150.0
relative: false
scalingCount: 1
scaling0: 1.0
timelineCount: 1
timeline0: 0.0
- Life - 
lowMin: 0.0
lowMax: 0.0
highMin: 2500.0
highMax: 5000.0
relative: false
scalingCount: 1
scaling0: 1.0
timelineCount: 1
timeline0: 0.0
- Life Offset - 
active: false
- X Offset - 
active: false
- Y Offset - 
active: false
- Spawn Shape - 
shape: point
- Spawn Width - 
lowMin: 0.0
lowMax: 0.0
highMin: 128.0
highMax: 128.0
relative: false
scalingCount: 1
scaling0: 1.0
timelineCount: 1
timeline0: 0.0
- Spawn Height - 
lowMin: 0.0
lowMax: 0.0
highMin: 140.0
highMax: 140.0
relative: false
scalingCount: 1
scaling0: 1.0
timelineCount: 1
timeline0: 0.0
- Scale - 
lowMin: 0.0
lowMax: 0.0
highMin: 32.0
highMax: 32.0
relative: false
scalingCount: 3
scaling0: 0.0
scaling1: 1.0
scaling2: 0.0
timelineCount: 3
timeline0: 0.0
timeline1: 0.09589041
timeline2: 1.0
- Velocity - 
active: true
lowMin: 0.0
lowMax: 0.0
highMin: 100.0
highMax: 400.0
relative: false
scalingCount: 5
scaling0: 1.0
scaling1: 0.43137255
scaling2: 0.11764706
scaling3: 0.0
scaling4: 0.0
timelineCount: 5
timeline0: 0.0
timeline1: 0.10958904
timeline2: 0.26712328
timeline3: 0.5
timeline4: 1.0
- Angle - 
active: true
lowMin: 90.0
lowMax: 90.0
highMin: 0.0
highMax: 360.0
relative: false
scalingCount: 1
scaling0: 1.0
timelineCount: 1
timeline0: 0.0
- Rotation - 
active: true
lowMin: 180.0
lowMax: 180.0
highMin: 0.0
highMax: 360.0
relative: false
scalingCount: 2
scaling0: 1.0
scaling1: 0.0
timelineCount: 2
timeline0: 0.0
timeline1: 1.0
- Wind - 
active: false
- Gravity - 
active: true
lowMin: 0.0
lowMax: 0.0
highMin: -120.0
highMax: -240.0
relative: false
scalingCount: 2
scaling0: 0.0
scaling1: 1.0
timelineCount: 2
timeline0: 0.0
timeline1: 1.0
- Tint - 
colorsCount: 3
colors0: 1.0
colors1: 0.6901961
colors2: 0.0
timelineCount: 1
timeline0: 0.0
- Transparency - 
lowMin: 0.0
lowMax: 0.0
highMin: 1.0
highMax: 1.0
relative: false
scalingCount: 1
scaling0: 0.49122807
timelineCount: 1
timeline0: 0.0
- Options - 
attached: true
continuous: false
aligned: false
additive: true
behind: false
premultipliedAlpha: false
- Image Path -
/C:/Projects/TDI2/asset sources/skin/icon-star.png
