Untitled
- Delay -
active: false
- Duration - 
lowMin: 50.0
lowMax: 50.0
- Count - 
min: 24
max: 24
- Emission - 
lowMin: 0.0
lowMax: 0.0
highMin: 150.0
highMax: 150.0
relative: false
scalingCount: 1
scaling0: 1.0
timelineCount: 1
timeline0: 0.0
- Life - 
lowMin: 0.0
lowMax: 0.0
highMin: 1500.0
highMax: 3000.0
relative: false
scalingCount: 1
scaling0: 1.0
timelineCount: 1
timeline0: 0.0
- Life Offset - 
active: false
- X Offset - 
active: false
- Y Offset - 
active: false
- Spawn Shape - 
shape: square
- Spawn Width - 
lowMin: 0.0
lowMax: 0.0
highMin: 128.0
highMax: 128.0
relative: false
scalingCount: 1
scaling0: 1.0
timelineCount: 1
timeline0: 0.0
- Spawn Height - 
lowMin: 0.0
lowMax: 0.0
highMin: 140.0
highMax: 140.0
relative: false
scalingCount: 1
scaling0: 1.0
timelineCount: 1
timeline0: 0.0
- Scale - 
lowMin: 0.0
lowMax: 0.0
highMin: 32.0
highMax: 32.0
relative: false
scalingCount: 5
scaling0: 0.0
scaling1: 1.0
scaling2: 0.60784316
scaling3: 0.23529412
scaling4: 0.0
timelineCount: 5
timeline0: 0.0
timeline1: 0.09589041
timeline2: 0.21232876
timeline3: 0.48630136
timeline4: 1.0
- Velocity - 
active: true
lowMin: 0.0
lowMax: 0.0
highMin: 100.0
highMax: 400.0
relative: false
scalingCount: 5
scaling0: 1.0
scaling1: 0.40449437
scaling2: 0.08988764
scaling3: 0.0
scaling4: 0.0
timelineCount: 5
timeline0: 0.0
timeline1: 0.19354838
timeline2: 0.39848197
timeline3: 0.59203035
timeline4: 1.0
- Angle - 
active: true
lowMin: 90.0
lowMax: 90.0
highMin: 0.0
highMax: 360.0
relative: false
scalingCount: 1
scaling0: 1.0
timelineCount: 1
timeline0: 0.0
- Rotation - 
active: true
lowMin: 180.0
lowMax: 180.0
highMin: 0.0
highMax: 360.0
relative: false
scalingCount: 2
scaling0: 1.0
scaling1: 0.0
timelineCount: 2
timeline0: 0.0
timeline1: 1.0
- Wind - 
active: false
- Gravity - 
active: true
lowMin: 0.0
lowMax: 0.0
highMin: -120.0
highMax: -240.0
relative: false
scalingCount: 2
scaling0: 0.0
scaling1: 0.627451
timelineCount: 2
timeline0: 0.0
timeline1: 1.0
- Tint - 
colorsCount: 3
colors0: 1.0
colors1: 1.0
colors2: 1.0
timelineCount: 1
timeline0: 0.0
- Transparency - 
lowMin: 0.0
lowMax: 0.0
highMin: 1.0
highMax: 1.0
relative: false
scalingCount: 2
scaling0: 1.0
scaling1: 0.0
timelineCount: 2
timeline0: 0.0
timeline1: 1.0
- Options - 
attached: true
continuous: false
aligned: false
additive: true
behind: false
premultipliedAlpha: false
- Image Path -
/C:/Projects/TDI2/asset sources/skin/icon-star.png
