Untitled
- Delay -
active: false
- Duration - 
lowMin: 100.0
lowMax: 100.0
- Count - 
min: 0
max: 500
- Emission - 
lowMin: 0.0
lowMax: 0.0
highMin: 250.0
highMax: 250.0
relative: false
scalingCount: 1
scaling0: 1.0
timelineCount: 1
timeline0: 0.0
- Life - 
lowMin: 0.0
lowMax: 0.0
highMin: 1000.0
highMax: 6000.0
relative: false
scalingCount: 3
scaling0: 1.0
scaling1: 1.0
scaling2: 0.0
timelineCount: 3
timeline0: 0.0
timeline1: 0.5890411
timeline2: 1.0
- Life Offset - 
active: true
lowMin: 0.0
lowMax: 0.0
highMin: 350.0
highMax: 350.0
relative: false
scalingCount: 1
scaling0: 1.0
timelineCount: 1
timeline0: 0.0
- X Offset - 
active: false
- Y Offset - 
active: false
- Spawn Shape - 
shape: point
- Spawn Width - 
lowMin: 0.0
lowMax: 0.0
highMin: 0.0
highMax: 0.0
relative: false
scalingCount: 1
scaling0: 1.0
timelineCount: 1
timeline0: 0.0
- Spawn Height - 
lowMin: 0.0
lowMax: 0.0
highMin: 0.0
highMax: 0.0
relative: false
scalingCount: 1
scaling0: 1.0
timelineCount: 1
timeline0: 0.0
- Scale - 
lowMin: 4.0
lowMax: 12.0
highMin: 2.0
highMax: 2.0
relative: false
scalingCount: 2
scaling0: 0.0
scaling1: 1.0
timelineCount: 2
timeline0: 0.0
timeline1: 1.0
- Velocity - 
active: true
lowMin: 0.0
lowMax: 0.0
highMin: 20.0
highMax: 300.0
relative: false
scalingCount: 5
scaling0: 1.0
scaling1: 0.8627451
scaling2: 0.6666667
scaling3: 0.4117647
scaling4: 0.0
timelineCount: 5
timeline0: 0.0
timeline1: 0.31506848
timeline2: 0.6164383
timeline3: 0.8287671
timeline4: 1.0
- Angle - 
active: true
lowMin: 0.0
lowMax: 0.0
highMin: 45.0
highMax: 135.0
relative: false
scalingCount: 1
scaling0: 1.0
timelineCount: 1
timeline0: 0.0
- Rotation - 
active: false
- Wind - 
active: false
- Gravity - 
active: false
- Tint - 
colorsCount: 3
colors0: 0.0
colors1: 0.69803923
colors2: 1.0
timelineCount: 1
timeline0: 0.0
- Transparency - 
lowMin: 0.0
lowMax: 0.0
highMin: 1.0
highMax: 1.0
relative: false
scalingCount: 4
scaling0: 1.0
scaling1: 0.8947368
scaling2: 0.5614035
scaling3: 0.0
timelineCount: 4
timeline0: 0.0
timeline1: 0.65753424
timeline2: 0.8767123
timeline3: 1.0
- Options - 
attached: false
continuous: false
aligned: false
additive: true
behind: false
premultipliedAlpha: false
- Image Path -
/C:/Projects/TDI2/asset sources/skin/particle-default.png
